<?xml version="1.0" encoding="UTF-8"?>
<!-- Generated by org.testng.reporters.JUnitXMLReporter -->
<testsuite ignored="0" hostname="DESKTOP-NQ83CF5" failures="3" tests="4" name="Toolbar" time="23.921" errors="0" timestamp="2024-05-23T16:13:13 IST">
  <testcase classname="tests.ToolBarTest" name="verifyPrintButtonMessage" time="0.397">
    <failure type="java.lang.AssertionError" message="expected [Print] but found []">
      <![CDATA[java.lang.AssertionError: expected [Print] but found []
at pageEvent.Toolbar.printMessage(Toolbar.java:60)
at tests.ToolBarTest.verifyPrintButtonMessage(ToolBarTest.java:16)
at java.base/java.util.ArrayList.forEach(ArrayList.java:1511)
... Removed 33 stack frames]]>
    </failure>
  </testcase> <!-- verifyPrintButtonMessage -->
  <testcase classname="tests.ToolBarTest" name="verifyRedoButtonMessage" time="1.159"/>
  <testcase classname="tests.ToolBarTest" name="verifyUndoButtonMessage" time="0.363">
    <failure type="java.lang.AssertionError" message="expected [Undo] but found []">
      <![CDATA[java.lang.AssertionError: expected [Undo] but found []
at pageEvent.Toolbar.undoMessage(Toolbar.java:82)
at tests.ToolBarTest.verifyUndoButtonMessage(ToolBarTest.java:30)
at java.base/java.util.ArrayList.forEach(ArrayList.java:1511)
... Removed 33 stack frames]]>
    </failure>
  </testcase> <!-- verifyUndoButtonMessage -->
  <testcase classname="tests.ToolBarTest" name="verifyZoomDropdown" time="4.189">
    <failure type="java.lang.AssertionError" message="expected [90%] but found []">
      <![CDATA[java.lang.AssertionError: expected [90%] but found []
at pageEvent.Toolbar.zoomDropdown(Toolbar.java:98)
at tests.ToolBarTest.verifyZoomDropdown(ToolBarTest.java:37)
at java.base/java.util.ArrayList.forEach(ArrayList.java:1511)
... Removed 33 stack frames]]>
    </failure>
  </testcase> <!-- verifyZoomDropdown -->
</testsuite> <!-- Toolbar -->
