<!DOCTYPE html PUBLIC "-//W3C//DTD XHTML 1.1//EN" "https://www.w3.org/TR/xhtml11/DTD/xhtml11.dtd">
<html xmlns="https://www.w3.org/1999/xhtml">
<head>
<meta http-equiv="content-type" content="text/html; charset=UTF-8"/>
<title>TestNG Report</title>
<style type="text/css">table {margin-bottom:10px;border-collapse:collapse;empty-cells:show}th,td {border:1px solid #009;padding:.25em .5em}th {vertical-align:bottom}td {vertical-align:top}table a {font-weight:bold}.stripe td {background-color: #E6EBF9}.num {text-align:right}.passedodd td {background-color: #3F3}.passedeven td {background-color: #0A0}.skippedodd td {background-color: #DDD}.skippedeven td {background-color: #CCC}.failedodd td,.attn {background-color: #F33}.failedeven td,.stripe .attn {background-color: #D00}.stacktrace {white-space:pre;font-family:monospace}.totop {font-size:85%;text-align:center;border-bottom:2px solid #000}.invisible {display:none}</style>
</head>
<body>
<table>
<tr><th>Test</th><th># Passed</th><th># Skipped</th><th># Retried</th><th># Failed</th><th>Time (ms)</th><th>Included Groups</th><th>Excluded Groups</th></tr>
<tr><th colspan="8">Suite</th></tr>
<tr><td><a href="#t0">DialogBox</a></td><td class="num">0</td><td class="num">0</td><td class="num">0</td><td class="num attn">1</td><td class="num">12,925</td><td></td><td></td></tr>
<tr class="stripe"><td><a href="#t1">Accordions</a></td><td class="num">0</td><td class="num">0</td><td class="num">0</td><td class="num attn">1</td><td class="num">35,872</td><td></td><td></td></tr>
<tr><td><a href="#t2">Dropdown</a></td><td class="num">1</td><td class="num">0</td><td class="num">0</td><td class="num">0</td><td class="num">6,974</td><td></td><td></td></tr>
<tr class="stripe"><td><a href="#t3">ProgressBar</a></td><td class="num">1</td><td class="num">0</td><td class="num">0</td><td class="num attn">1</td><td class="num">41,419</td><td></td><td></td></tr>
<tr><td><a href="#t4">Sliders</a></td><td class="num">1</td><td class="num">0</td><td class="num">0</td><td class="num">0</td><td class="num">5,431</td><td></td><td></td></tr>
<tr class="stripe"><td><a href="#t5">Frames_Windows</a></td><td class="num">1</td><td class="num">0</td><td class="num">0</td><td class="num">0</td><td class="num">6,795</td><td></td><td></td></tr>
<tr><td><a href="#t6">Tooltip</a></td><td class="num">1</td><td class="num">0</td><td class="num">0</td><td class="num">0</td><td class="num">6,018</td><td></td><td></td></tr>
<tr class="stripe"><td><a href="#t7">MultipleElements</a></td><td class="num">0</td><td class="num">0</td><td class="num">0</td><td class="num attn">1</td><td class="num">5,162</td><td></td><td></td></tr>
<tr><td><a href="#t8">Spinner</a></td><td class="num">1</td><td class="num">0</td><td class="num">0</td><td class="num">0</td><td class="num">7,051</td><td></td><td></td></tr>
<tr class="stripe"><td><a href="#t9">Sorting</a></td><td class="num">1</td><td class="num">0</td><td class="num">0</td><td class="num">0</td><td class="num">5,457</td><td></td><td></td></tr>
<tr><th>Total</th><th class="num">7</th><th class="num">0</th><th class="num">0</th><th class="num attn">4</th><th class="num">133,104</th><th colspan="2"></th></tr>
</table>
<table id='summary'><thead><tr><th>Class</th><th>Method</th><th>Start</th><th>Time (ms)</th></tr></thead><tbody><tr><th colspan="4">Suite</th></tr></tbody><tbody id="t0"><tr><th colspan="4">DialogBox &#8212; failed</th></tr><tr class="failedeven"><td rowspan="1">tests.DialogBoxTest</td><td><a href="#m0">ToEnterdialogBox</a></td><td rowspan="1">1715853051813</td><td rowspan="1">252</td></tr></tbody>
<tbody id="t1"><tr><th colspan="4">Accordions &#8212; failed</th></tr><tr class="failedeven"><td rowspan="1">tests.AccordionTests</td><td><a href="#m1">verifyThatAccordionsAreWorking</a></td><td rowspan="1">1715853058391</td><td rowspan="1">30338</td></tr></tbody>
<tbody id="t2"><tr><th colspan="4">Dropdown &#8212; passed</th></tr><tr class="passedeven"><td rowspan="1">tests.DropDownTest</td><td><a href="#m2">testForDropDowselection</a></td><td rowspan="1">1715853094135</td><td rowspan="1">1621</td></tr></tbody>
<tbody id="t3"><tr><th colspan="4">ProgressBar &#8212; failed</th></tr><tr class="failedeven"><td rowspan="1">tests.ProgressBarTest</td><td><a href="#m3">testFor100PercentCompletion</a></td><td rowspan="1">1715853100617</td><td rowspan="1">30888</td></tr><tr><th colspan="4">ProgressBar &#8212; passed</th></tr><tr class="passedeven"><td rowspan="1">tests.ProgressBarTest</td><td><a href="#m4">testForProgressBarButton</a></td><td rowspan="1">1715853136697</td><td rowspan="1">504</td></tr></tbody>
<tbody id="t4"><tr><th colspan="4">Sliders &#8212; passed</th></tr><tr class="passedeven"><td rowspan="1">tests.SliderTest</td><td><a href="#m5">VerifyingSlidersAreWorking</a></td><td rowspan="1">1715853142494</td><td rowspan="1">140</td></tr></tbody>
<tbody id="t5"><tr><th colspan="4">Frames_Windows &#8212; passed</th></tr><tr class="passedeven"><td rowspan="1">tests.TabsAndWindowsTest</td><td><a href="#m6">testToSwitchToOtherTab</a></td><td rowspan="1">1715853146923</td><td rowspan="1">2478</td></tr></tbody>
<tbody id="t6"><tr><th colspan="4">Tooltip &#8212; passed</th></tr><tr class="passedeven"><td rowspan="1">tests.ToolTipTest</td><td><a href="#m7">testToVerifyTooltipFunctionality</a></td><td rowspan="1">1715853154935</td><td rowspan="1">566</td></tr></tbody>
<tbody id="t7"><tr><th colspan="4">MultipleElements &#8212; failed</th></tr><tr class="failedeven"><td rowspan="1">tests.SelectElementsTest</td><td><a href="#m8">toVerifyMultipleSelect</a></td><td rowspan="1">1715853160220</td><td rowspan="1">449</td></tr></tbody>
<tbody id="t8"><tr><th colspan="4">Spinner &#8212; passed</th></tr><tr class="passedeven"><td rowspan="1">tests.SpinnerTest</td><td><a href="#m9">ToVerifySpinner</a></td><td rowspan="1">1715853165988</td><td rowspan="1">1863</td></tr></tbody>
<tbody id="t9"><tr><th colspan="4">Sorting &#8212; passed</th></tr><tr class="passedeven"><td rowspan="1">tests.SortableTest</td><td><a href="#m10">ToTestShoppingAndFeedsPositions</a></td><td rowspan="1">1715853171833</td><td rowspan="1">1376</td></tr></tbody>
</table>
<h2>DialogBox</h2><h3 id="m0">tests.DialogBoxTest#ToEnterdialogBox</h3><table class="result"><tr><th>Exception</th></tr><tr><td><div class="stacktrace">org.openqa.selenium.JavascriptException: javascript error: {&quot;status&quot;:32,&quot;value&quot;:&quot;An invalid or illegal selector was specified&quot;}
  (Session info: chrome-headless-shell=124.0.6367.208)
Build info: version: &apos;4.18.1&apos;, revision: &apos;b1d3319b48&apos;
System info: os.name: &apos;Windows 10&apos;, os.arch: &apos;amd64&apos;, os.version: &apos;10.0&apos;, java.version: &apos;17.0.10&apos;
Driver info: org.openqa.selenium.chrome.ChromeDriver
Command: [62905acb4f94efea3390d4b3b2366f05, findElement {value=//*[@id=&quot;create-user&quot;], using=css selector}]
Capabilities {acceptInsecureCerts: false, browserName: chrome-headless-shell, browserVersion: 124.0.6367.208, chrome: {chromedriverVersion: 124.0.6367.207 (a9001a6e39f..., userDataDir: C:\Users\TESTRIG\AppData\Lo...}, fedcm:accounts: true, goog:chromeOptions: {debuggerAddress: localhost:52510}, networkConnectionEnabled: false, pageLoadStrategy: normal, platformName: windows, proxy: Proxy(), se:cdp: ws://localhost:52510/devtoo..., se:cdpVersion: 124.0.6367.208, setWindowRect: true, strictFileInteractability: false, timeouts: {implicit: 0, pageLoad: 300000, script: 30000}, unhandledPromptBehavior: dismiss and notify, webauthn:extension:credBlob: true, webauthn:extension:largeBlob: true, webauthn:extension:minPinLength: true, webauthn:extension:prf: true, webauthn:virtualAuthenticators: true}
Session ID: 62905acb4f94efea3390d4b3b2366f05
	at org.openqa.selenium.remote.ErrorCodec.decode(ErrorCodec.java:167)
	at org.openqa.selenium.remote.codec.w3c.W3CHttpResponseCodec.decode(W3CHttpResponseCodec.java:138)
	at org.openqa.selenium.remote.codec.w3c.W3CHttpResponseCodec.decode(W3CHttpResponseCodec.java:50)
	at org.openqa.selenium.remote.HttpCommandExecutor.execute(HttpCommandExecutor.java:190)
	at org.openqa.selenium.remote.service.DriverCommandExecutor.invokeExecute(DriverCommandExecutor.java:216)
	at org.openqa.selenium.remote.service.DriverCommandExecutor.execute(DriverCommandExecutor.java:174)
	at org.openqa.selenium.remote.RemoteWebDriver.execute(RemoteWebDriver.java:519)
	at org.openqa.selenium.remote.ElementLocation$ElementFinder$2.findElement(ElementLocation.java:165)
	at org.openqa.selenium.remote.ElementLocation.findElement(ElementLocation.java:59)
	at org.openqa.selenium.remote.RemoteWebDriver.findElement(RemoteWebDriver.java:356)
	at org.openqa.selenium.remote.RemoteWebDriver.findElement(RemoteWebDriver.java:350)
	at org.openqa.selenium.support.pagefactory.DefaultElementLocator.findElement(DefaultElementLocator.java:68)
	at org.openqa.selenium.support.pagefactory.internal.LocatingElementHandler.invoke(LocatingElementHandler.java:38)
	at jdk.proxy2/jdk.proxy2.$Proxy18.click(Unknown Source)
	at pageEvent.DialogBox.enterIntoDialogBox(DialogBox.java:53)
	at tests.DialogBoxTest.ToEnterdialogBox(DialogBoxTest.java:17)
	at java.base/java.util.ArrayList.forEach(ArrayList.java:1511)
... Removed 32 stack frames</div></td></tr></table><p class="totop"><a href="#summary">back to summary</a></p>
<h2>Accordions</h2><h3 id="m1">tests.AccordionTests#verifyThatAccordionsAreWorking</h3><table class="result"><tr><th>Exception</th></tr><tr><td><div class="stacktrace">org.openqa.selenium.TimeoutException: Expected condition failed: waiting for visibility of Proxy element for: DefaultElementLocator &apos;By.cssSelector: .demo-frame.lazyloaded&apos; (tried for 10 second(s) with 500 milliseconds interval)
	at org.openqa.selenium.support.ui.WebDriverWait.timeoutException(WebDriverWait.java:84)
	at org.openqa.selenium.support.ui.FluentWait.until(FluentWait.java:228)
	at pageEvent.AccordionsAndTabs.switchToAframe(AccordionsAndTabs.java:40)
	at pageEvent.AccordionsAndTabs.accordionsIsWorking(AccordionsAndTabs.java:46)
	at tests.AccordionTests.verifyThatAccordionsAreWorking(AccordionTests.java:18)
	at java.base/java.util.ArrayList.forEach(ArrayList.java:1511)
Caused by: org.openqa.selenium.NoSuchElementException: no such element: Unable to locate element: {&quot;method&quot;:&quot;css selector&quot;,&quot;selector&quot;:&quot;.demo-frame.lazyloaded&quot;}
  (Session info: chrome-headless-shell=124.0.6367.208)
For documentation on this error, please visit: https://www.selenium.dev/documentation/webdriver/troubleshooting/errors#no-such-element-exception
Build info: version: &apos;4.18.1&apos;, revision: &apos;b1d3319b48&apos;
System info: os.name: &apos;Windows 10&apos;, os.arch: &apos;amd64&apos;, os.version: &apos;10.0&apos;, java.version: &apos;17.0.10&apos;
Driver info: org.openqa.selenium.chrome.ChromeDriver
Command: [80787a5dd706315434a185c70c3cdad6, findElement {value=.demo-frame.lazyloaded, using=css selector}]
Capabilities {acceptInsecureCerts: false, browserName: chrome-headless-shell, browserVersion: 124.0.6367.208, chrome: {chromedriverVersion: 124.0.6367.207 (a9001a6e39f..., userDataDir: C:\Users\TESTRIG\AppData\Lo...}, fedcm:accounts: true, goog:chromeOptions: {debuggerAddress: localhost:52563}, networkConnectionEnabled: false, pageLoadStrategy: normal, platformName: windows, proxy: Proxy(), se:cdp: ws://localhost:52563/devtoo..., se:cdpVersion: 124.0.6367.208, setWindowRect: true, strictFileInteractability: false, timeouts: {implicit: 0, pageLoad: 300000, script: 30000}, unhandledPromptBehavior: dismiss and notify, webauthn:extension:credBlob: true, webauthn:extension:largeBlob: true, webauthn:extension:minPinLength: true, webauthn:extension:prf: true, webauthn:virtualAuthenticators: true}
Session ID: 80787a5dd706315434a185c70c3cdad6
	at org.openqa.selenium.remote.ErrorCodec.decode(ErrorCodec.java:167)
	at org.openqa.selenium.remote.codec.w3c.W3CHttpResponseCodec.decode(W3CHttpResponseCodec.java:138)
	at org.openqa.selenium.remote.codec.w3c.W3CHttpResponseCodec.decode(W3CHttpResponseCodec.java:50)
	at org.openqa.selenium.remote.HttpCommandExecutor.execute(HttpCommandExecutor.java:190)
	at org.openqa.selenium.remote.service.DriverCommandExecutor.invokeExecute(DriverCommandExecutor.java:216)
	at org.openqa.selenium.remote.service.DriverCommandExecutor.execute(DriverCommandExecutor.java:174)
	at org.openqa.selenium.remote.RemoteWebDriver.execute(RemoteWebDriver.java:519)
	at org.openqa.selenium.remote.ElementLocation$ElementFinder$2.findElement(ElementLocation.java:165)
	at org.openqa.selenium.remote.ElementLocation.findElement(ElementLocation.java:59)
	at org.openqa.selenium.remote.RemoteWebDriver.findElement(RemoteWebDriver.java:356)
	at org.openqa.selenium.remote.RemoteWebDriver.findElement(RemoteWebDriver.java:350)
	at org.openqa.selenium.support.pagefactory.DefaultElementLocator.findElement(DefaultElementLocator.java:68)
	at org.openqa.selenium.support.pagefactory.internal.LocatingElementHandler.invoke(LocatingElementHandler.java:38)
	at jdk.proxy2/jdk.proxy2.$Proxy18.isDisplayed(Unknown Source)
	at org.openqa.selenium.support.ui.ExpectedConditions.elementIfVisible(ExpectedConditions.java:304)
	at org.openqa.selenium.support.ui.ExpectedConditions$10.apply(ExpectedConditions.java:290)
	at org.openqa.selenium.support.ui.ExpectedConditions$10.apply(ExpectedConditions.java:287)
	at org.openqa.selenium.support.ui.FluentWait.until(FluentWait.java:203)
	... 31 more
... Removed 32 stack frames</div></td></tr></table><p class="totop"><a href="#summary">back to summary</a></p>
<h2>Dropdown</h2><h3 id="m2">tests.DropDownTest#testForDropDowselection</h3><table class="result"><tr><th class="invisible"/></tr></table><p class="totop"><a href="#summary">back to summary</a></p>
<h2>ProgressBar</h2><h3 id="m3">tests.ProgressBarTest#testFor100PercentCompletion</h3><table class="result"><tr><th>Exception</th></tr><tr><td><div class="stacktrace">java.lang.AssertionError: Failed to complete progress bar to 100%
	at pageEvent.ProgressBar.ProgressBarcompletes100Percent(ProgressBar.java:70)
	at tests.ProgressBarTest.testFor100PercentCompletion(ProgressBarTest.java:26)
	at java.base/java.util.ArrayList.forEach(ArrayList.java:1511)
... Removed 28 stack frames</div></td></tr></table><p class="totop"><a href="#summary">back to summary</a></p>
<h3 id="m4">tests.ProgressBarTest#testForProgressBarButton</h3><table class="result"><tr><th class="invisible"/></tr></table><p class="totop"><a href="#summary">back to summary</a></p>
<h2>Sliders</h2><h3 id="m5">tests.SliderTest#VerifyingSlidersAreWorking</h3><table class="result"><tr><th class="invisible"/></tr></table><p class="totop"><a href="#summary">back to summary</a></p>
<h2>Frames_Windows</h2><h3 id="m6">tests.TabsAndWindowsTest#testToSwitchToOtherTab</h3><table class="result"><tr><th class="invisible"/></tr></table><p class="totop"><a href="#summary">back to summary</a></p>
<h2>Tooltip</h2><h3 id="m7">tests.ToolTipTest#testToVerifyTooltipFunctionality</h3><table class="result"><tr><th class="invisible"/></tr></table><p class="totop"><a href="#summary">back to summary</a></p>
<h2>MultipleElements</h2><h3 id="m8">tests.SelectElementsTest#toVerifyMultipleSelect</h3><table class="result"><tr><th>Exception</th></tr><tr><td><div class="stacktrace">org.openqa.selenium.interactions.MoveTargetOutOfBoundsException: move target out of bounds
  (Session info: chrome-headless-shell=124.0.6367.208)
Build info: version: &apos;4.18.1&apos;, revision: &apos;b1d3319b48&apos;
System info: os.name: &apos;Windows 10&apos;, os.arch: &apos;amd64&apos;, os.version: &apos;10.0&apos;, java.version: &apos;17.0.10&apos;
Driver info: org.openqa.selenium.chrome.ChromeDriver
Command: [f53be937153f7664a4413895ceb4ea86, actions {actions=[org.openqa.selenium.interactions.Sequence@7e8279e5, org.openqa.selenium.interactions.Sequence@2b53840a]}]
Capabilities {acceptInsecureCerts: false, browserName: chrome-headless-shell, browserVersion: 124.0.6367.208, chrome: {chromedriverVersion: 124.0.6367.207 (a9001a6e39f..., userDataDir: C:\Users\TESTRIG\AppData\Lo...}, fedcm:accounts: true, goog:chromeOptions: {debuggerAddress: localhost:52934}, networkConnectionEnabled: false, pageLoadStrategy: normal, platformName: windows, proxy: Proxy(), se:cdp: ws://localhost:52934/devtoo..., se:cdpVersion: 124.0.6367.208, setWindowRect: true, strictFileInteractability: false, timeouts: {implicit: 0, pageLoad: 300000, script: 30000}, unhandledPromptBehavior: dismiss and notify, webauthn:extension:credBlob: true, webauthn:extension:largeBlob: true, webauthn:extension:minPinLength: true, webauthn:extension:prf: true, webauthn:virtualAuthenticators: true}
Session ID: f53be937153f7664a4413895ceb4ea86
	at org.openqa.selenium.remote.ErrorCodec.decode(ErrorCodec.java:167)
	at org.openqa.selenium.remote.codec.w3c.W3CHttpResponseCodec.decode(W3CHttpResponseCodec.java:138)
	at org.openqa.selenium.remote.codec.w3c.W3CHttpResponseCodec.decode(W3CHttpResponseCodec.java:50)
	at org.openqa.selenium.remote.HttpCommandExecutor.execute(HttpCommandExecutor.java:190)
	at org.openqa.selenium.remote.service.DriverCommandExecutor.invokeExecute(DriverCommandExecutor.java:216)
	at org.openqa.selenium.remote.service.DriverCommandExecutor.execute(DriverCommandExecutor.java:174)
	at org.openqa.selenium.remote.RemoteWebDriver.execute(RemoteWebDriver.java:519)
	at org.openqa.selenium.remote.RemoteWebDriver.perform(RemoteWebDriver.java:605)
	at org.openqa.selenium.interactions.Actions$BuiltAction.perform(Actions.java:603)
	at org.openqa.selenium.interactions.Actions.perform(Actions.java:568)
	at pageEvent.SelectElements.toSelectMutiEelement(SelectElements.java:57)
	at tests.SelectElementsTest.toVerifyMultipleSelect(SelectElementsTest.java:16)
	at java.base/java.util.ArrayList.forEach(ArrayList.java:1511)
... Removed 32 stack frames</div></td></tr></table><p class="totop"><a href="#summary">back to summary</a></p>
<h2>Spinner</h2><h3 id="m9">tests.SpinnerTest#ToVerifySpinner</h3><table class="result"><tr><th class="invisible"/></tr></table><p class="totop"><a href="#summary">back to summary</a></p>
<h2>Sorting</h2><h3 id="m10">tests.SortableTest#ToTestShoppingAndFeedsPositions</h3><table class="result"><tr><th class="invisible"/></tr></table><p class="totop"><a href="#summary">back to summary</a></p>
</body>
</html>
